<?xml version="1.0" encoding="UTF-8"?>
<!-- Generated by org.testng.reporters.JUnitReportReporter -->
<testsuite skipped="0" hostname="LAPTOP-0VM259J4" name="com.gcr.scripts.Login_Logout_Excel" tests="1" failures="0" timestamp="2022-02-16T11:16:15 IST" time="25.003" errors="0">
  <testcase name="Login_Logout_ExcelTestCase" time="25.003" classname="com.gcr.scripts.Login_Logout_Excel"/>
  <system-out/>
</testsuite> <!-- com.gcr.scripts.Login_Logout_Excel -->
