<?xml version="1.0" encoding="UTF-8"?>
<!-- Generated by org.testng.reporters.JUnitReportReporter -->
<testsuite skipped="0" hostname="LAPTOP-0VM259J4" name="com.gcr.scripts.JqueryuiFrame" tests="1" failures="0" timestamp="2022-02-24T15:34:48 IST" time="5.276" errors="0">
  <testcase name="JqueryFrameTestCase" time="5.276" classname="com.gcr.scripts.JqueryuiFrame"/>
  <system-out/>
</testsuite> <!-- com.gcr.scripts.JqueryuiFrame -->
