<?xml version="1.0" encoding="UTF-8"?>
<!-- Generated by org.testng.reporters.JUnitReportReporter -->
<testsuite skipped="0" hostname="LAPTOP-0VM259J4" name="com.gcr.scripts.Search" tests="1" failures="0" timestamp="2022-02-07T13:24:26 IST" time="26.776" errors="0">
  <testcase name="SearchTestCase" time="26.776" classname="com.gcr.scripts.Search"/>
  <system-out/>
</testsuite> <!-- com.gcr.scripts.Search -->
