<?xml version="1.0" encoding="UTF-8"?>
<!-- Generated by org.testng.reporters.JUnitReportReporter -->
<testsuite skipped="0" hostname="DESKTOP-C9MVC75" name="com.gcr.scripts.AddProductToCart" tests="1" failures="0" timestamp="2021-12-12T08:00:49 IST" time="22.399" errors="0">
  <testcase name="AddProductToCartTestCase" time="22.399" classname="com.gcr.scripts.AddProductToCart"/>
  <system-out/>
</testsuite> <!-- com.gcr.scripts.AddProductToCart -->
